2023-12-18 14:20:28,639 [Worker-6: Loading available Gradle versions] INFO  o.e.b.c.i.u.g.PublishedGradleVersions - Gradle version information cache is up-to-date. Trying to read.
2023-12-18 14:21:51,225 [Worker-1: Loading available Gradle versions] INFO  o.e.b.c.i.u.g.PublishedGradleVersions - Gradle version information cache is up-to-date. Trying to read.
2023-12-18 14:25:17,167 [Worker-32: Building] INFO  o.e.m.c.i.l.LifecycleMappingFactory - Using org.eclipse.m2e.jdt.JarLifecycleMapping lifecycle mapping for MavenProject: com.bxp:IdGeneration:0.0.1-SNAPSHOT @ C:\Users\HP\Desktop\metro_ticket\Metro-Ticket\pom.xml.
2023-12-18 14:25:18,353 [Worker-32: Building] WARN  o.e.m.c.i.embedder.EclipseLogger - The artifact mysql:mysql-connector-java:jar:8.0.33 has been relocated to com.mysql:mysql-connector-j:jar:8.0.33: MySQL Connector/J artifacts moved to reverse-DNS compliant Maven 2+ coordinates.
2023-12-18 14:25:20,849 [Worker-32: Building] INFO  o.a.m.s.f.DefaultMavenResourcesFiltering - Copying 1 resource from src\main\resources to target\classes
2023-12-18 14:25:20,883 [Worker-32: Building] INFO  o.a.m.s.f.DefaultMavenResourcesFiltering - Copying 2 resources from src\main\resources to target\classes
2023-12-18 14:25:20,901 [Worker-32: Building] INFO  o.a.m.s.f.DefaultMavenResourcesFiltering - skip non existing resourceDirectory C:\Users\HP\Desktop\metro_ticket\Metro-Ticket\src\test\resources
2023-12-18 14:30:23,235 [main] INFO  o.e.m2e.actions.ExecutePomAction - Creating new launch configuration
2023-12-18 14:30:52,096 [Worker-31: Launching Metro-Ticket] INFO  o.eclipse.m2e.core.internal.Bundles - getClasspathEntries(Bundle=org.eclipse.m2e.maven.runtime_3.9.400.20230826-0755 [621])
2023-12-18 14:30:52,100 [Worker-31: Launching Metro-Ticket] INFO  o.eclipse.m2e.core.internal.Bundles - 	Entry: C:\Users\HP\.p2\pool\plugins\org.eclipse.m2e.maven.runtime_3.9.400.20230826-0755
2023-12-18 14:30:52,101 [Worker-31: Launching Metro-Ticket] INFO  o.eclipse.m2e.core.internal.Bundles - 	Entry: C:\Users\HP\.p2\pool\plugins\org.eclipse.m2e.maven.runtime_3.9.400.20230826-0755\jars\aether-connector-okhttp-0.17.8.jar
2023-12-18 14:30:52,101 [Worker-31: Launching Metro-Ticket] INFO  o.eclipse.m2e.core.internal.Bundles - 	Entry: C:\Users\HP\.p2\pool\plugins\org.eclipse.m2e.maven.runtime_3.9.400.20230826-0755\jars\aopalliance-1.0.jar
2023-12-18 14:30:52,101 [Worker-31: Launching Metro-Ticket] INFO  o.eclipse.m2e.core.internal.Bundles - 	Entry: C:\Users\HP\.p2\pool\plugins\org.eclipse.m2e.maven.runtime_3.9.400.20230826-0755\jars\commons-lang3-3.12.0.jar
2023-12-18 14:30:52,102 [Worker-31: Launching Metro-Ticket] INFO  o.eclipse.m2e.core.internal.Bundles - 	Entry: C:\Users\HP\.p2\pool\plugins\org.eclipse.m2e.maven.runtime_3.9.400.20230826-0755\jars\guice-5.1.0.jar
2023-12-18 14:30:52,102 [Worker-31: Launching Metro-Ticket] INFO  o.eclipse.m2e.core.internal.Bundles - 	Entry: C:\Users\HP\.p2\pool\plugins\org.eclipse.m2e.maven.runtime_3.9.400.20230826-0755\jars\jansi-2.4.0.jar
2023-12-18 14:30:52,103 [Worker-31: Launching Metro-Ticket] INFO  o.eclipse.m2e.core.internal.Bundles - 	Entry: C:\Users\HP\.p2\pool\plugins\org.eclipse.m2e.maven.runtime_3.9.400.20230826-0755\jars\maven-artifact-3.9.4.jar
2023-12-18 14:30:52,103 [Worker-31: Launching Metro-Ticket] INFO  o.eclipse.m2e.core.internal.Bundles - 	Entry: C:\Users\HP\.p2\pool\plugins\org.eclipse.m2e.maven.runtime_3.9.400.20230826-0755\jars\maven-builder-support-3.9.4.jar
2023-12-18 14:30:52,103 [Worker-31: Launching Metro-Ticket] INFO  o.eclipse.m2e.core.internal.Bundles - 	Entry: C:\Users\HP\.p2\pool\plugins\org.eclipse.m2e.maven.runtime_3.9.400.20230826-0755\jars\maven-compat-3.9.4.jar
2023-12-18 14:30:52,104 [Worker-31: Launching Metro-Ticket] INFO  o.eclipse.m2e.core.internal.Bundles - 	Entry: C:\Users\HP\.p2\pool\plugins\org.eclipse.m2e.maven.runtime_3.9.400.20230826-0755\jars\maven-core-3.9.4.jar
2023-12-18 14:30:52,104 [Worker-31: Launching Metro-Ticket] INFO  o.eclipse.m2e.core.internal.Bundles - 	Entry: C:\Users\HP\.p2\pool\plugins\org.eclipse.m2e.maven.runtime_3.9.400.20230826-0755\jars\maven-embedder-3.9.4.jar
2023-12-18 14:30:52,104 [Worker-31: Launching Metro-Ticket] INFO  o.eclipse.m2e.core.internal.Bundles - 	Entry: C:\Users\HP\.p2\pool\plugins\org.eclipse.m2e.maven.runtime_3.9.400.20230826-0755\jars\maven-model-3.9.4.jar
2023-12-18 14:30:52,105 [Worker-31: Launching Metro-Ticket] INFO  o.eclipse.m2e.core.internal.Bundles - 	Entry: C:\Users\HP\.p2\pool\plugins\org.eclipse.m2e.maven.runtime_3.9.400.20230826-0755\jars\maven-model-builder-3.9.4.jar
2023-12-18 14:30:52,105 [Worker-31: Launching Metro-Ticket] INFO  o.eclipse.m2e.core.internal.Bundles - 	Entry: C:\Users\HP\.p2\pool\plugins\org.eclipse.m2e.maven.runtime_3.9.400.20230826-0755\jars\maven-plugin-api-3.9.4.jar
2023-12-18 14:30:52,105 [Worker-31: Launching Metro-Ticket] INFO  o.eclipse.m2e.core.internal.Bundles - 	Entry: C:\Users\HP\.p2\pool\plugins\org.eclipse.m2e.maven.runtime_3.9.400.20230826-0755\jars\maven-repository-metadata-3.9.4.jar
2023-12-18 14:30:52,106 [Worker-31: Launching Metro-Ticket] INFO  o.eclipse.m2e.core.internal.Bundles - 	Entry: C:\Users\HP\.p2\pool\plugins\org.eclipse.m2e.maven.runtime_3.9.400.20230826-0755\jars\maven-resolver-api-1.9.14.jar
2023-12-18 14:30:52,106 [Worker-31: Launching Metro-Ticket] INFO  o.eclipse.m2e.core.internal.Bundles - 	Entry: C:\Users\HP\.p2\pool\plugins\org.eclipse.m2e.maven.runtime_3.9.400.20230826-0755\jars\maven-resolver-connector-basic-1.9.14.jar
2023-12-18 14:30:52,106 [Worker-31: Launching Metro-Ticket] INFO  o.eclipse.m2e.core.internal.Bundles - 	Entry: C:\Users\HP\.p2\pool\plugins\org.eclipse.m2e.maven.runtime_3.9.400.20230826-0755\jars\maven-resolver-impl-1.9.14.jar
2023-12-18 14:30:52,107 [Worker-31: Launching Metro-Ticket] INFO  o.eclipse.m2e.core.internal.Bundles - 	Entry: C:\Users\HP\.p2\pool\plugins\org.eclipse.m2e.maven.runtime_3.9.400.20230826-0755\jars\maven-resolver-named-locks-1.9.14.jar
2023-12-18 14:30:52,108 [Worker-31: Launching Metro-Ticket] INFO  o.eclipse.m2e.core.internal.Bundles - 	Entry: C:\Users\HP\.p2\pool\plugins\org.eclipse.m2e.maven.runtime_3.9.400.20230826-0755\jars\maven-resolver-provider-3.9.4.jar
2023-12-18 14:30:52,109 [Worker-31: Launching Metro-Ticket] INFO  o.eclipse.m2e.core.internal.Bundles - 	Entry: C:\Users\HP\.p2\pool\plugins\org.eclipse.m2e.maven.runtime_3.9.400.20230826-0755\jars\maven-resolver-spi-1.9.14.jar
2023-12-18 14:30:52,109 [Worker-31: Launching Metro-Ticket] INFO  o.eclipse.m2e.core.internal.Bundles - 	Entry: C:\Users\HP\.p2\pool\plugins\org.eclipse.m2e.maven.runtime_3.9.400.20230826-0755\jars\maven-resolver-transport-wagon-1.9.14.jar
2023-12-18 14:30:52,110 [Worker-31: Launching Metro-Ticket] INFO  o.eclipse.m2e.core.internal.Bundles - 	Entry: C:\Users\HP\.p2\pool\plugins\org.eclipse.m2e.maven.runtime_3.9.400.20230826-0755\jars\maven-resolver-util-1.9.14.jar
2023-12-18 14:30:52,110 [Worker-31: Launching Metro-Ticket] INFO  o.eclipse.m2e.core.internal.Bundles - 	Entry: C:\Users\HP\.p2\pool\plugins\org.eclipse.m2e.maven.runtime_3.9.400.20230826-0755\jars\maven-settings-3.9.4.jar
2023-12-18 14:30:52,110 [Worker-31: Launching Metro-Ticket] INFO  o.eclipse.m2e.core.internal.Bundles - 	Entry: C:\Users\HP\.p2\pool\plugins\org.eclipse.m2e.maven.runtime_3.9.400.20230826-0755\jars\maven-settings-builder-3.9.4.jar
2023-12-18 14:30:52,111 [Worker-31: Launching Metro-Ticket] INFO  o.eclipse.m2e.core.internal.Bundles - 	Entry: C:\Users\HP\.p2\pool\plugins\org.eclipse.m2e.maven.runtime_3.9.400.20230826-0755\jars\maven-shared-utils-3.3.4.jar
2023-12-18 14:30:52,111 [Worker-31: Launching Metro-Ticket] INFO  o.eclipse.m2e.core.internal.Bundles - 	Entry: C:\Users\HP\.p2\pool\plugins\org.eclipse.m2e.maven.runtime_3.9.400.20230826-0755\jars\okhttp-3.14.1.jar
2023-12-18 14:30:52,111 [Worker-31: Launching Metro-Ticket] INFO  o.eclipse.m2e.core.internal.Bundles - 	Entry: C:\Users\HP\.p2\pool\plugins\org.eclipse.m2e.maven.runtime_3.9.400.20230826-0755\jars\okio-1.17.3.jar
2023-12-18 14:30:52,112 [Worker-31: Launching Metro-Ticket] INFO  o.eclipse.m2e.core.internal.Bundles - 	Entry: C:\Users\HP\.p2\pool\plugins\org.eclipse.m2e.maven.runtime_3.9.400.20230826-0755\jars\org.eclipse.sisu.inject-0.3.5.jar
2023-12-18 14:30:52,113 [Worker-31: Launching Metro-Ticket] INFO  o.eclipse.m2e.core.internal.Bundles - 	Entry: C:\Users\HP\.p2\pool\plugins\org.eclipse.m2e.maven.runtime_3.9.400.20230826-0755\jars\org.eclipse.sisu.plexus-0.3.5.jar
2023-12-18 14:30:52,113 [Worker-31: Launching Metro-Ticket] INFO  o.eclipse.m2e.core.internal.Bundles - 	Entry: C:\Users\HP\.p2\pool\plugins\org.eclipse.m2e.maven.runtime_3.9.400.20230826-0755\jars\plexus-build-api-0.0.7.jar
2023-12-18 14:30:52,114 [Worker-31: Launching Metro-Ticket] INFO  o.eclipse.m2e.core.internal.Bundles - 	Entry: C:\Users\HP\.p2\pool\plugins\org.eclipse.m2e.maven.runtime_3.9.400.20230826-0755\jars\plexus-cipher-2.0.jar
2023-12-18 14:30:52,114 [Worker-31: Launching Metro-Ticket] INFO  o.eclipse.m2e.core.internal.Bundles - 	Entry: C:\Users\HP\.p2\pool\plugins\org.eclipse.m2e.maven.runtime_3.9.400.20230826-0755\jars\plexus-classworlds-2.7.0.jar
2023-12-18 14:30:52,115 [Worker-31: Launching Metro-Ticket] INFO  o.eclipse.m2e.core.internal.Bundles - 	Entry: C:\Users\HP\.p2\pool\plugins\org.eclipse.m2e.maven.runtime_3.9.400.20230826-0755\jars\plexus-component-annotations-2.1.0.jar
2023-12-18 14:30:52,115 [Worker-31: Launching Metro-Ticket] INFO  o.eclipse.m2e.core.internal.Bundles - 	Entry: C:\Users\HP\.p2\pool\plugins\org.eclipse.m2e.maven.runtime_3.9.400.20230826-0755\jars\plexus-interpolation-1.26.jar
2023-12-18 14:30:52,116 [Worker-31: Launching Metro-Ticket] INFO  o.eclipse.m2e.core.internal.Bundles - 	Entry: C:\Users\HP\.p2\pool\plugins\org.eclipse.m2e.maven.runtime_3.9.400.20230826-0755\jars\plexus-sec-dispatcher-2.0.jar
2023-12-18 14:30:52,116 [Worker-31: Launching Metro-Ticket] INFO  o.eclipse.m2e.core.internal.Bundles - 	Entry: C:\Users\HP\.p2\pool\plugins\org.eclipse.m2e.maven.runtime_3.9.400.20230826-0755\jars\plexus-utils-3.5.1.jar
2023-12-18 14:30:52,116 [Worker-31: Launching Metro-Ticket] INFO  o.eclipse.m2e.core.internal.Bundles - 	Entry: C:\Users\HP\.p2\pool\plugins\org.eclipse.m2e.maven.runtime_3.9.400.20230826-0755\jars\wagon-file-3.5.3.jar
2023-12-18 14:30:52,117 [Worker-31: Launching Metro-Ticket] INFO  o.eclipse.m2e.core.internal.Bundles - 	Entry: C:\Users\HP\.p2\pool\plugins\org.eclipse.m2e.maven.runtime_3.9.400.20230826-0755\jars\wagon-provider-api-3.5.3.jar
2023-12-18 14:30:52,121 [Worker-31: Launching Metro-Ticket] INFO  o.eclipse.m2e.core.internal.Bundles - getClasspathEntries(Bundle=com.google.guava_32.1.2.jre [12])
2023-12-18 14:30:52,122 [Worker-31: Launching Metro-Ticket] INFO  o.eclipse.m2e.core.internal.Bundles - 	Entry: C:\Users\HP\.p2\pool\plugins\com.google.guava_32.1.2.jre.jar
2023-12-18 14:30:52,123 [Worker-31: Launching Metro-Ticket] INFO  o.eclipse.m2e.core.internal.Bundles - getClasspathEntries(Bundle=slf4j.api_2.0.9 [982])
2023-12-18 14:30:52,124 [Worker-31: Launching Metro-Ticket] INFO  o.eclipse.m2e.core.internal.Bundles - 	Entry: C:\Users\HP\.p2\pool\plugins\slf4j.api_2.0.9.jar
2023-12-18 14:30:52,124 [Worker-31: Launching Metro-Ticket] INFO  o.eclipse.m2e.core.internal.Bundles - getClasspathEntries(Bundle=javax.inject_1.0.0.v20220405-0441 [38])
2023-12-18 14:30:52,126 [Worker-31: Launching Metro-Ticket] INFO  o.eclipse.m2e.core.internal.Bundles - 	Entry: C:\Users\HP\.p2\pool\plugins\javax.inject_1.0.0.v20220405-0441.jar
2023-12-18 14:30:52,126 [Worker-31: Launching Metro-Ticket] INFO  o.eclipse.m2e.core.internal.Bundles - getClasspathEntries(Bundle=javax.annotation_1.3.5.v20200909-1856 [36])
2023-12-18 14:30:52,127 [Worker-31: Launching Metro-Ticket] INFO  o.eclipse.m2e.core.internal.Bundles - 	Entry: C:\Users\HP\.p2\pool\plugins\javax.annotation_1.3.5.v20200909-1856.jar
2023-12-18 14:30:52,127 [Worker-31: Launching Metro-Ticket] INFO  o.eclipse.m2e.core.internal.Bundles - getClasspathEntries(Bundle=org.apache.commons.cli_1.5.0 [73])
2023-12-18 14:30:52,129 [Worker-31: Launching Metro-Ticket] INFO  o.eclipse.m2e.core.internal.Bundles - 	Entry: C:\Users\HP\.p2\pool\plugins\org.apache.commons.cli_1.5.0.jar
2023-12-18 14:30:52,129 [Worker-31: Launching Metro-Ticket] INFO  o.eclipse.m2e.core.internal.Bundles - getClasspathEntries(Bundle=com.google.guava.failureaccess_1.0.1 [14])
2023-12-18 14:30:52,131 [Worker-31: Launching Metro-Ticket] INFO  o.eclipse.m2e.core.internal.Bundles - 	Entry: C:\Users\HP\.p2\pool\plugins\com.google.guava.failureaccess_1.0.1.jar
2023-12-18 14:30:52,139 [Worker-31: Launching Metro-Ticket] INFO  o.e.m.i.launch.MavenLaunchDelegate - Run build in "C:\Users\HP\Desktop\metro_ticket\Metro-Ticket":
2023-12-18 14:30:52,141 [Worker-31: Launching Metro-Ticket] INFO  o.e.m.i.launch.MavenLaunchDelegate -  mvn  -B -Dstyle.color=always package
2023-12-18 18:46:28,850 [Worker-5: Loading available Gradle versions] INFO  o.e.b.c.i.u.g.PublishedGradleVersions - Gradle version information cache is out-of-date. Trying to update.
2023-12-18 18:46:29,172 [Worker-5: Loading available Gradle versions] INFO  o.e.b.c.i.u.g.PublishedGradleVersions - Updating Gradle version information cache failed. Using outdated cache.
2023-12-18 18:46:32,278 [Worker-6: Building] WARN  o.e.m.c.i.embedder.EclipseLogger - The artifact mysql:mysql-connector-java:jar:8.0.33 has been relocated to com.mysql:mysql-connector-j:jar:8.0.33: MySQL Connector/J artifacts moved to reverse-DNS compliant Maven 2+ coordinates.
2023-12-28 18:08:48,723 [Worker-1: Loading available Gradle versions] INFO  o.e.b.c.i.u.g.PublishedGradleVersions - Gradle version information cache is up-to-date. Trying to read.
2023-12-29 20:06:56,059 [Worker-1: Loading available Gradle versions] INFO  o.e.b.c.i.u.g.PublishedGradleVersions - Gradle version information cache is up-to-date. Trying to read.
2023-12-29 20:07:24,153 [Worker-4: Loading available Gradle versions] INFO  o.e.b.c.i.u.g.PublishedGradleVersions - Gradle version information cache is up-to-date. Trying to read.
2024-01-11 18:06:27,389 [Worker-4: Loading available Gradle versions] INFO  o.e.b.c.i.u.g.PublishedGradleVersions - Gradle version information cache is up-to-date. Trying to read.
2024-01-12 14:17:18,841 [Worker-5: Loading available Gradle versions] INFO  o.e.b.c.i.u.g.PublishedGradleVersions - Gradle version information cache is out-of-date. Trying to update.
2024-01-12 14:17:34,720 [Worker-1: Loading available Gradle versions] INFO  o.e.b.c.i.u.g.PublishedGradleVersions - Gradle version information cache is up-to-date. Trying to read.
2024-01-12 14:17:51,697 [Worker-2: Loading available Gradle versions] INFO  o.e.b.c.i.u.g.PublishedGradleVersions - Gradle version information cache is up-to-date. Trying to read.
2024-01-22 23:50:56,893 [Worker-6: Loading available Gradle versions] INFO  o.e.b.c.i.u.g.PublishedGradleVersions - Gradle version information cache is up-to-date. Trying to read.
2024-01-22 23:51:00,422 [Worker-1: Building] WARN  o.e.m.c.i.embedder.EclipseLogger - The artifact mysql:mysql-connector-java:jar:8.0.33 has been relocated to com.mysql:mysql-connector-j:jar:8.0.33: MySQL Connector/J artifacts moved to reverse-DNS compliant Maven 2+ coordinates.
2024-01-22 23:51:00,897 [Worker-1: Building] INFO  o.a.m.s.f.DefaultMavenResourcesFiltering - Copying 1 resource from src\main\resources to target\classes
2024-01-22 23:51:00,925 [Worker-1: Building] INFO  o.a.m.s.f.DefaultMavenResourcesFiltering - Copying 2 resources from src\main\resources to target\classes
2024-01-22 23:51:00,935 [Worker-1: Building] INFO  o.a.m.s.f.DefaultMavenResourcesFiltering - skip non existing resourceDirectory C:\Users\HP\Desktop\metro_ticket\Metro-Ticket\src\test\resources
2024-01-22 23:51:20,180 [Worker-2: Loading available Gradle versions] INFO  o.e.b.c.i.u.g.PublishedGradleVersions - Gradle version information cache is up-to-date. Trying to read.
